Thu Jun 30 22:27:23 CST 2022
Thu Jun 30 23:34:46 CST 2022
Fri Jul 1 06:29:41 CST 2022
Fri Jul 1 10:48:42 CST 2022
Fri Jul 1 22:28:26 CST 2022
Fri Jul 1 23:34:39 CST 2022
Sat Jul 2 06:29:04 CST 2022
Sat Jul 2 10:34:56 CST 2022
Sat Jul 2 22:26:03 CST 2022
Sat Jul 2 23:30:23 CST 2022
Sun Jul 3 06:28:28 CST 2022
Sun Jul 3 10:36:12 CST 2022
Sun Jul 3 22:26:17 CST 2022
Sun Jul 3 23:30:12 CST 2022
Mon Jul 4 06:28:16 CST 2022
Mon Jul 4 10:42:24 CST 2022
Mon Jul 4 22:27:14 CST 2022
Mon Jul 4 23:33:22 CST 2022
Tue Jul 5 06:28:52 CST 2022
Tue Jul 5 10:37:02 CST 2022
Tue Jul 5 22:38:38 CST 2022
